<?xml version="1.0" encoding="UTF-8"?>
<!-- Generated by org.testng.reporters.JUnitReportReporter -->
<testsuite hostname="LENOVO" failures="0" tests="1" name="selWithMavenTestNG.SwitchingWindows" time="32.221" errors="0" timestamp="2023-09-27T09:34:48 IST" skipped="0">
  <testcase classname="selWithMavenTestNG.SwitchingWindows" name="switchWind" time="32.221"/>
  <system-out/>
</testsuite> <!-- selWithMavenTestNG.SwitchingWindows -->
