<?xml version="1.0" encoding="UTF-8"?>
<!-- Generated by org.testng.reporters.JUnitReportReporter -->
<testsuite hostname="LENOVO" failures="0" tests="1" name="selWithMavenTestNG.SwitchingWindows" time="100.394" errors="0" timestamp="2023-09-28T09:58:57 IST" skipped="0">
  <testcase classname="selWithMavenTestNG.SwitchingWindows" name="switchWind" time="100.394"/>
</testsuite> <!-- selWithMavenTestNG.SwitchingWindows -->
