<?xml version="1.0" encoding="UTF-8"?>
<!-- Generated by org.testng.reporters.JUnitReportReporter -->
<testsuite hostname="LENOVO" failures="0" tests="1" name="selWithMavenTestNG.DynamicDataHandling" time="15.170" errors="0" timestamp="2023-09-28T09:58:57 IST" skipped="0">
  <testcase classname="selWithMavenTestNG.DynamicDataHandling" name="addVals" time="15.170"/>
</testsuite> <!-- selWithMavenTestNG.DynamicDataHandling -->
