<?xml version="1.0" encoding="UTF-8"?>
<!-- Generated by org.testng.reporters.JUnitReportReporter -->
<testsuite hostname="LENOVO" failures="0" tests="1" name="selWithMavenTestNG.MouseHover" time="44.284" errors="0" timestamp="2023-09-28T09:58:57 IST" skipped="0">
  <testcase classname="selWithMavenTestNG.MouseHover" name="dragAndDrop" time="44.284"/>
</testsuite> <!-- selWithMavenTestNG.MouseHover -->
